<?xml version="1.0" encoding="UTF-8"?>
<testsuite name="hello.ApplicationTest" tests="2" skipped="0" failures="0" errors="0" timestamp="2019-01-24T18:48:22" hostname="kanta-Inspiron-One-2320" time="0.001">
  <properties/>
  <testcase name="restTemplate" classname="hello.ApplicationTest" time="0.001"/>
  <testcase name="run" classname="hello.ApplicationTest" time="0.0"/>
  <system-out><![CDATA[]]></system-out>
  <system-err><![CDATA[]]></system-err>
</testsuite>
